{"datetime": "2025-11-29T09:10:47.451910", "session_id": "user_id", "prompt": "I want to buy shoes", "response": "Sure, I can help you with that!\n\nI found two pairs of running shoes for you:\n\n1.  **Adidas Ultraboost 22**: These are priced at 3999, come in white, and have features like cushioning, responsiveness, energy-return, and breathability. There are 8 in stock.\n2.  **Nike Revolution 6**: These are priced at 2799, come in black, and are known for being cushioned, breathable, lightweight, and durable. There are 12 in stock.\n\nDo any of these catch your eye? Or would you like me to refine the search with other preferences?"}
{"datetime": "2025-11-29T09:14:17.011683", "session_id": "user_id", "prompt": "I want to order the Nike.", "response": "I am sorry, I cannot fulfill this request. The available tools lack the desired functionality."}
{"datetime": "2025-11-29T09:37:21.224594", "session_id": "user_id", "prompt": "I want tob uy shoes", "response": "Sure, I can help with that!\n\nI found two pairs of running shoes:\n\n1.  **Adidas Ultraboost 22**: These are priced at 3999, come in white, and are designed with cushioning, responsiveness, energy-return, and breathability in mind. There are 8 pairs in stock.\n2.  **Nike Revolution 6**: These are priced at 2799, are black, and are known for being cushioned, breathable, lightweight, and durable. There are 12 pairs in stock.\n\nDo either of these sound good? Or would you like to search for something else?"}
{"datetime": "2025-11-29T09:37:26.070165", "session_id": "user_id", "prompt": "I want the Nikes.", "response": "Error occurred while getting response."}
{"datetime": "2025-11-29T09:47:24.147280", "session_id": "user_id", "prompt": "I want to buy shoes", "response": "Error occurred while getting response."}
{"datetime": "2025-11-29T09:49:04.098257", "session_id": "user_id", "prompt": "I want to buy shoes", "response": "Error occurred while getting response."}
{"datetime": "2025-11-29T09:54:54.587554", "session_id": "user_id", "prompt": "I want to buy shoes", "response": "I found two pairs of running shoes for you:\n\n1.  **Adidas Ultraboost 22**: These are priced at 3999, come in white, and are praised for their cushioning, responsiveness, energy return, and breathability. They have a 4.7 rating, and there are 8 pairs in stock.\n\n2.  **Nike Revolution 6**: These are priced at 2799, are black, and are noted for being cushioned, breathable, lightweight, and durable. They have a 4.5 rating, and there are 12 pairs in stock.\n\nDo either of these interest you?"}
{"datetime": "2025-11-29T09:55:01.737897", "session_id": "user_id", "prompt": "What's the difference?", "response": "The Adidas Ultraboost 22 are more expensive at 3999, are white, and are designed for a responsive and energetic run with advanced cushioning and breathability. The Nike Revolution 6 are more affordable at 2799, are black, and offer a balance of cushioning, breathability, lightweight feel, and durability.\n\nWould you like to know more about either of these, or perhaps see other options?"}
{"datetime": "2025-11-29T09:55:12.614634", "session_id": "user_id", "prompt": "Show my orders", "response": "I am sorry, I cannot fulfill this request. The available tools lack the desired functionality."}
{"datetime": "2025-11-29T10:09:21.661337", "session_id": "user_id", "prompt": "I wanna buy shoes", "response": "I am sorry, I could not find any running shoes."}
{"datetime": "2025-11-29T10:10:05.590287", "session_id": "user_id", "prompt": "I wanna by shoes", "response": "I found 2 products for you.\n\n1.  **Adidas Ultraboost 22**\n    *   Price: 3999\n    *   Color: white\n    *   Features: cushioned, responsive, energy-return, breathable\n    *   Stock: 8\n2.  **Nike Revolution 6**\n    *   Price: 2799\n    *   Color: black\n    *   Features: cushioned, breathable, lightweight, durable\n    *   Stock: 12\n\nWould you like to know more about these or shall I search for something else?"}
{"datetime": "2025-11-29T10:16:20.153570", "session_id": "user_id", "prompt": "I wanna get shoes", "response": "Error occurred while getting response."}
{"datetime": "2025-11-29T10:33:33.315956", "session_id": "user_id", "prompt": "Show my orders", "response": "I am sorry, I cannot fulfill this request. The available tools lack the desired functionality."}
{"datetime": "2025-11-29T10:33:45.527680", "session_id": "user_id", "prompt": "I wanna buy shoes", "response": "I found 2 pairs of running shoes for you:\n\n1.  **Adidas Ultraboost 22**: These are white, priced at 3999, and have a 4.7/5 rating. They're known for cushioning, responsiveness, energy return, and breathability. There are 8 pairs in stock.\n\n2.  **Nike Revolution 6**: These are black, priced at 2799, and have a 4.5/5 rating. They offer cushioning, breathability, a lightweight feel, and durability. There are 12 pairs in stock.\n\nDo either of these sound like what you're looking for?"}
{"datetime": "2025-11-29T10:41:27.709060", "session_id": "user_id", "prompt": "Show my orders", "response": "I am sorry, I cannot fulfill this request. The available tools lack the desired functionality."}
{"datetime": "2025-11-29T10:47:27.782447", "session_id": "user_id", "prompt": "i wanna buy shoes", "response": "I found 3 products for you:\n\n*   **Adidas Ultraboost 22**: Price 3999, Stock 8. Features: cushioned, responsive, energy-return, breathable.\n*   **Nike Revolution 6**: Price 2799, Stock 12. Features: cushioned, breathable, lightweight, durable.\n*   **Puma Velocity Nitro 2**: Price 3499, Stock 10. Features: lightweight, stable, breathable.\n\nWould you like to know more about any of these shoes?"}
{"datetime": "2025-11-29T10:47:44.011855", "session_id": "user_id", "prompt": "nike", "response": "I'm sorry, but I couldn't find any Nike running shoes. Is there anything else I can help you with?\n"}
{"datetime": "2025-11-29T10:51:41.341110", "session_id": "user_id", "prompt": "i wanna buy nike", "response": "I am sorry. I cannot find any products from Nike."}
{"datetime": "2025-11-29T12:18:43.598450", "session_id": "user_id", "prompt": "I wanna buy shoes", "response": "I found 3 running shoes for you:\n\n1.  **Adidas Ultraboost 22**: White, priced at 3999. It has 8 items in stock.\n2.  **Nike Revolution 6**: Black, priced at 2799. It has 12 items in stock.\n3.  **Puma Velocity Nitro 2**: Red, priced at 3499. It has 10 items in stock.\n\nLet me know if you're interested in any of these or want to explore other options!"}
{"datetime": "2025-11-29T12:20:25.685272", "session_id": "user_id", "prompt": "The revolution 6", "response": "I am sorry, I could not find any Nike Revolution 6 shoes."}
{"datetime": "2025-11-29T12:23:23.562675", "session_id": "user_id", "prompt": "Can I get Nike revolution 6 pls", "response": "I found one product that matches your search:\n\n**Nike Revolution 6**\n*   Price: 2799\n*   Color: black\n*   Features: cushioned, breathable, lightweight, durable\n*   Stock: 12\n\nUnfortunately, it is out of stock."}
{"datetime": "2025-11-29T12:26:45.730115", "session_id": "user_id", "prompt": "I wanna buy the Nike Revolutionary 6", "response": "Error occurred while getting response."}
{"datetime": "2025-11-29T12:26:46.676016", "session_id": "user_id", "prompt": "I wanna buy the Nike Revolutionary 6", "response": "I am sorry, I cannot find any products named \"Nike Revolutionary 6\"."}
{"datetime": "2025-11-29T12:27:09.632851", "session_id": "user_id", "prompt": "I wanna buy the nike revolutionary 6", "response": "Sorry, I couldn't find any products matching \"Nike Revolutionary 6\"."}
{"datetime": "2025-11-29T12:28:05.295990", "session_id": "user_id", "prompt": "What about Nike Revolution 6?", "response": "I found one product that matches your search:\n\n**Nike Revolution 6**\n*   **Price:** 2799\n*   **Stock:** 12\n*   **Brand:** nike\n*   **Category:** running shoes\n*   **Color:** black\n*   **Features:** cushioned, breathable, lightweight, durable"}
{"datetime": "2025-11-29T12:28:18.829004", "session_id": "user_id", "prompt": "Can I know why its a good pick?", "response": "Error occurred while getting response."}
{"datetime": "2025-11-29T12:36:54.345262", "session_id": "user_id", "prompt": "I wanna buy Nike Revolution 6.", "response": "The Nike Revolution 6 is available in black. It is a running shoe with features like cushioning, breathability, light weight, and durability. The price is 2799 and it has a rating of 4.5. There are 12 items in stock."}
{"datetime": "2025-11-29T12:37:06.123990", "session_id": "user_id", "prompt": "Why should I buy it?", "response": "Error occurred while getting response."}
{"datetime": "2025-11-29T13:43:56.440491", "session_id": "user_id", "prompt": "I want to check for shoes", "response": "I found 3 pairs of running shoes for you:\n\n*   **Adidas Ultraboost 22**: These are priced at 3999, with 8 pairs in stock. They are described as cushioned, responsive, with energy-return, and breathable.\n*   **Nike Revolution 6**: These are priced at 2799, with 12 pairs in stock. They are cushioned, breathable, lightweight, and durable.\n*   **Puma Velocity Nitro 2**: These are priced at 3499, with 10 pairs in stock. They are noted for being lightweight, stable, and breathable.\n\nDo any of these interest you?"}
{"datetime": "2025-11-29T13:46:22.773897", "session_id": "user_id", "prompt": "I like the Nike", "response": "Great choice! The Nike Revolution 6 is a popular pick. It's priced at 2799, and there are 12 pairs currently in stock.\n\nWould you like to add them to your cart, or would you like more details?"}
{"datetime": "2025-11-29T13:46:34.549322", "session_id": "user_id", "prompt": "Show my orders", "response": "I am sorry, I cannot fulfill this request. The available tools lack the desired functionality."}
{"datetime": "2025-11-29T13:48:21.890672", "session_id": "user_id", "prompt": "I want to buy camera", "response": "I found the **Canon EOS 200D II** camera for you. It's priced at 61999, and there are 4 units currently in stock. Its features include being a DSLR with Dual Pixel AF and Wi-Fi connectivity.\n\nWould you like to know more about this camera, or would you like me to search for other options?"}
{"datetime": "2025-11-29T13:48:40.279966", "session_id": "user_id", "prompt": "Place the order.", "response": "I am sorry, I cannot fulfill this request. The available tools lack the desired functionality."}
{"datetime": "2025-11-29T13:57:26.035522", "session_id": "user_id", "prompt": "I wanna get a phone", "response": "I found two smartphones for you:\n\n1.  **Vivo T2 5G**: This phone is priced at 18999 and has 9 units in stock. Its features include 5G, AMOLED display, and fast charging.\n2.  **Samsung Galaxy M14**: This phone is priced at 12999 and has 4 units in stock. It's highlighted for its battery, camera, display, and 5G capability.\n\nDo either of these interest you, or would you like me to search for something else?"}
{"datetime": "2025-11-29T13:57:47.741768", "session_id": "user_id", "prompt": "Place the order for two Samsung Galaxy M14.", "response": "I am sorry, I cannot fulfill this request. The available tools lack the desired functionality."}
{"datetime": "2025-11-29T14:00:24.320814", "session_id": "user_id", "prompt": "I want to get a phone", "response": "Error occurred while getting response."}
{"datetime": "2025-11-29T14:06:09.847912", "session_id": "user_id", "prompt": "I want to buy shoes", "response": "Error occurred while getting response."}
{"datetime": "2025-11-29T14:09:44.307131", "session_id": "user_id", "prompt": "I want to buy phones", "response": "Error occurred while getting response."}
{"datetime": "2025-11-29T14:11:07.138616", "session_id": "user_id", "prompt": "I want to buy shoes", "response": "Error occurred while getting response."}
{"datetime": "2025-11-29T14:18:11.946169", "session_id": "user_id", "prompt": "Place an order for 1 Dell Inspiron 15.", "response": "I am sorry, I cannot fulfill this request. The available tools lack the desired functionality."}
{"datetime": "2025-11-29T14:22:31.854498", "session_id": "user_id", "prompt": "Place an order for 1 Dell Inspiron 15.", "response": "I can help you with that! However, I need a product ID. Could you please provide the product ID for the Dell Inspiron 15?"}
